*** Starting uWSGI 2.0.19 (64bit) on [Wed Jun 17 13:04:34 2020] ***
compiled with version: 5.4.0 20160609 on 17 June 2020 02:46:29
os: Linux-4.4.0-166-generic #195-Ubuntu SMP Tue Oct 1 09:35:25 UTC 2019
nodename: instance-qhzqhj7x
machine: x86_64
clock source: unix
detected number of CPU cores: 1
current working directory: /home/lbyx/project/python_venv/script
writing pidfile to /home/lbyx/project/python_venv/script/uwsgi.pid
detected binary path: /home/lbyx/project/python_venv/venv/bin/uwsgi
!!! no internal routing support, rebuild with pcre support !!!
*** WARNING: you are running uWSGI as root !!! (use the --uid flag) *** 
chdir() to /home/lbyx/project/python_venv/DemoWebsite/
your processes number limit is 7830
your memory page size is 4096 bytes
detected max file descriptor number: 65535
lock engine: pthread robust mutexes
thunder lock: enabled
uwsgi socket 0 bound to UNIX address /home/lbyx/project/python_venv/script/uwsgi.sock fd 3
*** WARNING: you are running uWSGI as root !!! (use the --uid flag) *** 
Python version: 3.8.1 (default, Jun 16 2020, 10:36:28)  [GCC 5.4.0 20160609]
Python main interpreter initialized at 0x19c7450
*** WARNING: you are running uWSGI as root !!! (use the --uid flag) *** 
python threads support enabled
your server socket listen backlog is limited to 100 connections
your mercy for graceful operations on workers is 60 seconds
mapped 486672 bytes (475 KB) for 5 cores
*** Operational MODE: preforking ***
WSGI app 0 (mountpoint='') ready in 0 seconds on interpreter 0x19c7450 pid: 13011 (default app)
*** WARNING: you are running uWSGI as root !!! (use the --uid flag) *** 
*** uWSGI is running in multiple interpreter mode ***
spawned uWSGI master process (pid: 13011)
spawned uWSGI worker 1 (pid: 13013, cores: 1)
spawned uWSGI worker 2 (pid: 13014, cores: 1)
spawned uWSGI worker 3 (pid: 13015, cores: 1)
spawned uWSGI worker 4 (pid: 13016, cores: 1)
spawned uWSGI worker 5 (pid: 13017, cores: 1)
...gracefully killing workers...
Gracefully killing worker 1 (pid: 13013)...
Gracefully killing worker 2 (pid: 13014)...
Gracefully killing worker 3 (pid: 13015)...
Gracefully killing worker 4 (pid: 13016)...
Gracefully killing worker 5 (pid: 13017)...
worker 1 buried after 1 seconds
worker 2 buried after 1 seconds
worker 3 buried after 1 seconds
worker 4 buried after 1 seconds
worker 5 buried after 1 seconds
binary reloading uWSGI...
chdir() to /home/lbyx/project/python_venv/script
closing all non-uwsgi socket fds > 2 (max_fd = 65535)...
found fd 3 mapped to socket 0 (/home/lbyx/project/python_venv/script/uwsgi.sock)
running /home/lbyx/project/python_venv/venv/bin/uwsgi
[uWSGI] getting INI configuration from uwsgi.ini
*** Starting uWSGI 2.0.19 (64bit) on [Wed Jun 17 05:26:52 2020] ***
compiled with version: 5.4.0 20160609 on 17 June 2020 02:46:29
os: Linux-4.4.0-166-generic #195-Ubuntu SMP Tue Oct 1 09:35:25 UTC 2019
nodename: instance-qhzqhj7x
machine: x86_64
clock source: unix
detected number of CPU cores: 1
current working directory: /home/lbyx/project/python_venv/script
detected binary path: /home/lbyx/project/python_venv/venv/bin/uwsgi
!!! no internal routing support, rebuild with pcre support !!!
*** WARNING: you are running uWSGI as root !!! (use the --uid flag) *** 
chdir() to /home/lbyx/project/python_venv/DemoWebsite/
your processes number limit is 7830
your memory page size is 4096 bytes
detected max file descriptor number: 65535
lock engine: pthread robust mutexes
thunder lock: enabled
uwsgi socket 0 bound to TCP address 127.0.0.1:8080 fd 3
*** WARNING: you are running uWSGI as root !!! (use the --uid flag) *** 
Python version: 3.8.1 (default, Jun 16 2020, 10:36:28)  [GCC 5.4.0 20160609]
Python main interpreter initialized at 0x1676610
*** WARNING: you are running uWSGI as root !!! (use the --uid flag) *** 
python threads support enabled
your server socket listen backlog is limited to 100 connections
your mercy for graceful operations on workers is 60 seconds
mapped 486672 bytes (475 KB) for 5 cores
*** Operational MODE: preforking ***
WSGI app 0 (mountpoint='') ready in 0 seconds on interpreter 0x1676610 pid: 13011 (default app)
*** WARNING: you are running uWSGI as root !!! (use the --uid flag) *** 
*** uWSGI is running in multiple interpreter mode ***
gracefully (RE)spawned uWSGI master process (pid: 13011)
spawned uWSGI worker 1 (pid: 13607, cores: 1)
spawned uWSGI worker 2 (pid: 13608, cores: 1)
spawned uWSGI worker 3 (pid: 13609, cores: 1)
spawned uWSGI worker 4 (pid: 13610, cores: 1)
spawned uWSGI worker 5 (pid: 13611, cores: 1)
...gracefully killing workers...
Gracefully killing worker 1 (pid: 13607)...
Gracefully killing worker 2 (pid: 13608)...
Gracefully killing worker 3 (pid: 13609)...
Gracefully killing worker 4 (pid: 13610)...
Gracefully killing worker 5 (pid: 13611)...
worker 1 buried after 1 seconds
worker 2 buried after 1 seconds
worker 3 buried after 1 seconds
worker 4 buried after 1 seconds
worker 5 buried after 1 seconds
binary reloading uWSGI...
chdir() to /home/lbyx/project/python_venv/script
closing all non-uwsgi socket fds > 2 (max_fd = 65535)...
found fd 3 mapped to socket 0 (127.0.0.1:8080)
running /home/lbyx/project/python_venv/venv/bin/uwsgi
[uWSGI] getting INI configuration from uwsgi.ini
invalid chmod value: 664   # 给定权限
VACUUM: pidfile removed.
unlink(): No such file or directory [core/uwsgi.c line 1675]
*** Starting uWSGI 2.0.19 (64bit) on [Wed Jun 17 13:49:59 2020] ***
compiled with version: 5.4.0 20160609 on 17 June 2020 02:46:29
os: Linux-4.4.0-166-generic #195-Ubuntu SMP Tue Oct 1 09:35:25 UTC 2019
nodename: instance-qhzqhj7x
machine: x86_64
clock source: unix
detected number of CPU cores: 1
current working directory: /home/lbyx/project/python_venv/script
writing pidfile to /home/lbyx/project/python_venv/script/uwsgi.pid
detected binary path: /home/lbyx/project/python_venv/venv/bin/uwsgi
!!! no internal routing support, rebuild with pcre support !!!
*** WARNING: you are running uWSGI as root !!! (use the --uid flag) *** 
chdir() to /home/lbyx/project/python_venv/DemoWebsite
your processes number limit is 7830
your memory page size is 4096 bytes
detected max file descriptor number: 65535
lock engine: pthread robust mutexes
thunder lock: disabled (you can enable it with --thunder-lock)
uwsgi socket 0 bound to TCP address 127.0.0.1:8080 fd 3
*** WARNING: you are running uWSGI as root !!! (use the --uid flag) *** 
Python version: 3.8.1 (default, Jun 16 2020, 10:36:28)  [GCC 5.4.0 20160609]
Python main interpreter initialized at 0x17f3840
*** WARNING: you are running uWSGI as root !!! (use the --uid flag) *** 
python threads support enabled
your server socket listen backlog is limited to 100 connections
your mercy for graceful operations on workers is 60 seconds
mapped 486672 bytes (475 KB) for 5 cores
*** Operational MODE: preforking ***
WSGI app 0 (mountpoint='') ready in 0 seconds on interpreter 0x17f3840 pid: 13966 (default app)
*** WARNING: you are running uWSGI as root !!! (use the --uid flag) *** 
*** uWSGI is running in multiple interpreter mode ***
spawned uWSGI master process (pid: 13966)
spawned uWSGI worker 1 (pid: 13968, cores: 1)
spawned uWSGI worker 2 (pid: 13969, cores: 1)
spawned uWSGI worker 3 (pid: 13970, cores: 1)
spawned uWSGI worker 4 (pid: 13971, cores: 1)
spawned uWSGI worker 5 (pid: 13972, cores: 1)
*** Stats server enabled on /home/lbyx/project/python_venv/script/uwsgi.status fd: 17 ***
[pid: 13972|app: 0|req: 1/1] 117.136.63.175 () {38 vars in 677 bytes} [Wed Jun 17 05:55:36 2020] GET /api => generated 179 bytes in 32 msecs (HTTP/1.1 404) 4 headers in 128 bytes (1 switches on core 0)
[pid: 13968|app: 0|req: 1/2] 117.136.63.175 () {38 vars in 705 bytes} [Wed Jun 17 05:55:59 2020] GET /api/example/hello => generated 179 bytes in 21 msecs (HTTP/1.1 404) 4 headers in 128 bytes (1 switches on core 0)
[pid: 13972|app: 0|req: 2/3] 117.136.63.175 () {40 vars in 736 bytes} [Wed Jun 17 06:22:58 2020] GET /api/example/hello => generated 179 bytes in 1 msecs (HTTP/1.1 404) 4 headers in 128 bytes (1 switches on core 0)
[pid: 13968|app: 0|req: 2/4] 117.136.63.175 () {40 vars in 736 bytes} [Wed Jun 17 06:22:59 2020] GET /api/example/hello => generated 179 bytes in 1 msecs (HTTP/1.1 404) 4 headers in 128 bytes (1 switches on core 0)
SIGINT/SIGQUIT received...killing workers...
worker 1 buried after 1 seconds
worker 2 buried after 1 seconds
worker 3 buried after 1 seconds
worker 4 buried after 1 seconds
worker 5 buried after 1 seconds
goodbye to uWSGI.
VACUUM: pidfile removed.
VACUUM: unix socket /home/lbyx/project/python_venv/script/uwsgi.status (stats) removed.
*** Starting uWSGI 2.0.19 (64bit) on [Wed Jun 17 14:28:05 2020] ***
compiled with version: 5.4.0 20160609 on 17 June 2020 02:46:29
os: Linux-4.4.0-166-generic #195-Ubuntu SMP Tue Oct 1 09:35:25 UTC 2019
nodename: instance-qhzqhj7x
machine: x86_64
clock source: unix
detected number of CPU cores: 1
current working directory: /home/lbyx/project/python_venv/script
writing pidfile to /home/lbyx/project/python_venv/script/uwsgi.pid
detected binary path: /home/lbyx/project/python_venv/venv/bin/uwsgi
!!! no internal routing support, rebuild with pcre support !!!
*** WARNING: you are running uWSGI as root !!! (use the --uid flag) *** 
chdir() to /home/lbyx/project/python_venv/DemoWebsite
your processes number limit is 7830
your memory page size is 4096 bytes
detected max file descriptor number: 65535
lock engine: pthread robust mutexes
thunder lock: disabled (you can enable it with --thunder-lock)
uwsgi socket 0 bound to UNIX address /home/lbyx/project/python_venv/script/uwsgi.sock fd 3
*** WARNING: you are running uWSGI as root !!! (use the --uid flag) *** 
Python version: 3.8.1 (default, Jun 16 2020, 10:36:28)  [GCC 5.4.0 20160609]
Python main interpreter initialized at 0x17714a0
*** WARNING: you are running uWSGI as root !!! (use the --uid flag) *** 
python threads support enabled
your server socket listen backlog is limited to 100 connections
your mercy for graceful operations on workers is 60 seconds
mapped 486672 bytes (475 KB) for 5 cores
*** Operational MODE: preforking ***
WSGI app 0 (mountpoint='') ready in 0 seconds on interpreter 0x17714a0 pid: 14628 (default app)
*** WARNING: you are running uWSGI as root !!! (use the --uid flag) *** 
*** uWSGI is running in multiple interpreter mode ***
spawned uWSGI master process (pid: 14628)
spawned uWSGI worker 1 (pid: 14630, cores: 1)
spawned uWSGI worker 2 (pid: 14631, cores: 1)
spawned uWSGI worker 3 (pid: 14632, cores: 1)
spawned uWSGI worker 4 (pid: 14633, cores: 1)
spawned uWSGI worker 5 (pid: 14634, cores: 1)
*** Stats server enabled on /home/lbyx/project/python_venv/script/uwsgi.status fd: 17 ***
...gracefully killing workers...
Gracefully killing worker 1 (pid: 14630)...
Gracefully killing worker 2 (pid: 14631)...
Gracefully killing worker 3 (pid: 14632)...
Gracefully killing worker 4 (pid: 14633)...
Gracefully killing worker 5 (pid: 14634)...
worker 1 buried after 1 seconds
worker 2 buried after 1 seconds
worker 3 buried after 1 seconds
worker 4 buried after 1 seconds
worker 5 buried after 1 seconds
binary reloading uWSGI...
chdir() to /home/lbyx/project/python_venv/script
closing all non-uwsgi socket fds > 2 (max_fd = 65535)...
found fd 3 mapped to socket 0 (/home/lbyx/project/python_venv/script/uwsgi.sock)
running /home/lbyx/project/python_venv/venv/bin/uwsgi
[uWSGI] getting INI configuration from uwsgi.ini
*** Starting uWSGI 2.0.19 (64bit) on [Wed Jun 17 07:12:28 2020] ***
compiled with version: 5.4.0 20160609 on 17 June 2020 02:46:29
os: Linux-4.4.0-166-generic #195-Ubuntu SMP Tue Oct 1 09:35:25 UTC 2019
nodename: instance-qhzqhj7x
machine: x86_64
clock source: unix
detected number of CPU cores: 1
current working directory: /home/lbyx/project/python_venv/script
detected binary path: /home/lbyx/project/python_venv/venv/bin/uwsgi
!!! no internal routing support, rebuild with pcre support !!!
*** WARNING: you are running uWSGI as root !!! (use the --uid flag) *** 
chdir() to /home/lbyx/project/python_venv/DemoWebsite
your processes number limit is 7830
your memory page size is 4096 bytes
detected max file descriptor number: 65535
lock engine: pthread robust mutexes
thunder lock: disabled (you can enable it with --thunder-lock)
uwsgi socket 0 bound to TCP address 127.0.0.1:8080 fd 3
*** WARNING: you are running uWSGI as root !!! (use the --uid flag) *** 
Python version: 3.8.1 (default, Jun 16 2020, 10:36:28)  [GCC 5.4.0 20160609]
Python main interpreter initialized at 0xb93660
*** WARNING: you are running uWSGI as root !!! (use the --uid flag) *** 
python threads support enabled
your server socket listen backlog is limited to 100 connections
your mercy for graceful operations on workers is 60 seconds
mapped 486672 bytes (475 KB) for 5 cores
*** Operational MODE: preforking ***
WSGI app 0 (mountpoint='') ready in 0 seconds on interpreter 0xb93660 pid: 14628 (default app)
*** WARNING: you are running uWSGI as root !!! (use the --uid flag) *** 
*** uWSGI is running in multiple interpreter mode ***
gracefully (RE)spawned uWSGI master process (pid: 14628)
spawned uWSGI worker 1 (pid: 15275, cores: 1)
spawned uWSGI worker 2 (pid: 15276, cores: 1)
spawned uWSGI worker 3 (pid: 15277, cores: 1)
spawned uWSGI worker 4 (pid: 15278, cores: 1)
spawned uWSGI worker 5 (pid: 15279, cores: 1)
*** Stats server enabled on /home/lbyx/project/python_venv/script/uwsgi.status fd: 17 ***
[pid: 15276|app: 0|req: 1/1] 117.136.63.175 () {40 vars in 721 bytes} [Wed Jun 17 07:20:15 2020] GET /api/hello => generated 179 bytes in 21 msecs (HTTP/1.1 404) 4 headers in 128 bytes (1 switches on core 0)
[pid: 15276|app: 0|req: 2/2] 117.136.63.175 () {40 vars in 721 bytes} [Wed Jun 17 07:21:11 2020] GET /api/hello => generated 179 bytes in 1 msecs (HTTP/1.1 404) 4 headers in 128 bytes (1 switches on core 0)
[pid: 15279|app: 0|req: 1/3] 117.136.63.175 () {40 vars in 721 bytes} [Wed Jun 17 07:21:13 2020] GET /api/hello => generated 0 bytes in 9 msecs (HTTP/1.1 301) 4 headers in 149 bytes (1 switches on core 0)
[pid: 15276|app: 0|req: 3/4] 117.136.63.175 () {40 vars in 723 bytes} [Wed Jun 17 07:21:13 2020] GET /api/hello/ => generated 179 bytes in 1 msecs (HTTP/1.1 404) 4 headers in 128 bytes (1 switches on core 0)
...gracefully killing workers...
Gracefully killing worker 1 (pid: 15275)...
Gracefully killing worker 2 (pid: 15276)...
Gracefully killing worker 3 (pid: 15277)...
Gracefully killing worker 4 (pid: 15278)...
Gracefully killing worker 5 (pid: 15279)...
worker 1 buried after 1 seconds
worker 2 buried after 1 seconds
worker 3 buried after 1 seconds
worker 4 buried after 1 seconds
worker 5 buried after 1 seconds
binary reloading uWSGI...
chdir() to /home/lbyx/project/python_venv/script
closing all non-uwsgi socket fds > 2 (max_fd = 65535)...
found fd 3 mapped to socket 0 (127.0.0.1:8080)
running /home/lbyx/project/python_venv/venv/bin/uwsgi
[uWSGI] getting INI configuration from uwsgi.ini
*** Starting uWSGI 2.0.19 (64bit) on [Wed Jun 17 07:21:30 2020] ***
compiled with version: 5.4.0 20160609 on 17 June 2020 02:46:29
os: Linux-4.4.0-166-generic #195-Ubuntu SMP Tue Oct 1 09:35:25 UTC 2019
nodename: instance-qhzqhj7x
machine: x86_64
clock source: unix
detected number of CPU cores: 1
current working directory: /home/lbyx/project/python_venv/script
detected binary path: /home/lbyx/project/python_venv/venv/bin/uwsgi
!!! no internal routing support, rebuild with pcre support !!!
*** WARNING: you are running uWSGI as root !!! (use the --uid flag) *** 
chdir() to /home/lbyx/project/python_venv/DemoWebsite
your processes number limit is 7830
your memory page size is 4096 bytes
detected max file descriptor number: 65535
lock engine: pthread robust mutexes
thunder lock: disabled (you can enable it with --thunder-lock)
uwsgi socket 0 inherited INET address 127.0.0.1:8080 fd 3
*** WARNING: you are running uWSGI as root !!! (use the --uid flag) *** 
Python version: 3.8.1 (default, Jun 16 2020, 10:36:28)  [GCC 5.4.0 20160609]
Python main interpreter initialized at 0x213f250
*** WARNING: you are running uWSGI as root !!! (use the --uid flag) *** 
python threads support enabled
your server socket listen backlog is limited to 100 connections
your mercy for graceful operations on workers is 60 seconds
mapped 486672 bytes (475 KB) for 5 cores
*** Operational MODE: preforking ***
WSGI app 0 (mountpoint='') ready in 1 seconds on interpreter 0x213f250 pid: 14628 (default app)
*** WARNING: you are running uWSGI as root !!! (use the --uid flag) *** 
*** uWSGI is running in multiple interpreter mode ***
gracefully (RE)spawned uWSGI master process (pid: 14628)
spawned uWSGI worker 1 (pid: 15534, cores: 1)
spawned uWSGI worker 2 (pid: 15535, cores: 1)
spawned uWSGI worker 3 (pid: 15536, cores: 1)
spawned uWSGI worker 4 (pid: 15537, cores: 1)
spawned uWSGI worker 5 (pid: 15538, cores: 1)
*** Stats server enabled on /home/lbyx/project/python_venv/script/uwsgi.status fd: 17 ***
[pid: 15534|app: 0|req: 1/1] 117.136.63.175 () {40 vars in 723 bytes} [Wed Jun 17 07:21:40 2020] GET /api/hello/ => generated 6 bytes in 10 msecs (HTTP/1.1 200) 4 headers in 113 bytes (1 switches on core 0)
[pid: 15537|app: 0|req: 1/2] 117.136.63.175 () {40 vars in 723 bytes} [Wed Jun 17 07:23:30 2020] GET /api/hello/ => generated 6 bytes in 10 msecs (HTTP/1.1 200) 4 headers in 113 bytes (1 switches on core 0)
[pid: 15538|app: 0|req: 1/3] 117.136.63.175 () {40 vars in 723 bytes} [Wed Jun 17 07:23:46 2020] GET /api/hello/ => generated 6 bytes in 9 msecs (HTTP/1.1 200) 4 headers in 113 bytes (1 switches on core 0)
[pid: 15537|app: 0|req: 2/4] 117.136.63.175 () {40 vars in 723 bytes} [Wed Jun 17 07:23:52 2020] GET /api/hello/ => generated 6 bytes in 1 msecs (HTTP/1.1 200) 4 headers in 113 bytes (1 switches on core 0)
